<?xml version="1.0" encoding="UTF-8"?>
<!-- Generated by org.testng.reporters.JUnitReportReporter -->
<testsuite hostname="DESKTOP-KCHFC1E" failures="0" tests="5" name="Test.TestClass" time="28.469" errors="0" timestamp="2022-02-03T10:08:44 IST" skipped="0">
  <testcase classname="Test.TestClass" name="VerifyCurrentURLTitleLogo" time="0.823"/>
  <system-out/>
  <testcase classname="Test.TestClass" name="verifyCreateaccountBtnisClick" time="0.422"/>
  <system-out/>
  <testcase classname="Test.TestClass" name="VerifyUserNavigateToSignInPage" time="2.802"/>
  <system-out/>
  <testcase classname="Test.TestClass" name="verifyUserEnterCreadential" time="17.172"/>
  <system-out/>
  <testcase classname="Test.TestClass" name="VerifyUserHandleSelectBox" time="7.250"/>
  <system-out/>
</testsuite> <!-- Test.TestClass -->
